C:\USERS\ADMIN\DOCUMENTS\VISUAL STUDIO 2010\PROJECTS\BBS\BBS\DEBUG\BBS.EXE.EMBED.MANIFEST
C:\USERS\ADMIN\DOCUMENTS\VISUAL STUDIO 2010\PROJECTS\BBS\BBS\DEBUG\BBS.EXE.EMBED.MANIFEST.RES
C:\USERS\ADMIN\DOCUMENTS\VISUAL STUDIO 2010\PROJECTS\BBS\BBS\DEBUG\BBS.EXE.INTERMEDIATE.MANIFEST
C:\USERS\ADMIN\DOCUMENTS\VISUAL STUDIO 2010\PROJECTS\BBS\BBS\DEBUG\BBS.OBJ
C:\Users\ADMIN\Documents\Visual Studio 2010\Projects\BBS\BBS\Debug\BBS.vcxprojResolveAssemblyReference.cache
C:\Users\ADMIN\Documents\Visual Studio 2010\Projects\BBS\BBS\Debug\BBS.write.1.tlog
C:\Users\ADMIN\Documents\Visual Studio 2010\Projects\BBS\BBS\Debug\BBS_manifest.rc
C:\USERS\ADMIN\DOCUMENTS\VISUAL STUDIO 2010\PROJECTS\BBS\BBS\DEBUG\BSBS.OBJ
C:\Users\ADMIN\Documents\Visual Studio 2010\Projects\BBS\BBS\Debug\cl.command.1.tlog
C:\Users\ADMIN\Documents\Visual Studio 2010\Projects\BBS\BBS\Debug\CL.read.1.tlog
C:\Users\ADMIN\Documents\Visual Studio 2010\Projects\BBS\BBS\Debug\CL.write.1.tlog
C:\Users\ADMIN\Documents\Visual Studio 2010\Projects\BBS\BBS\Debug\link.1776.read.1.tlog
C:\Users\ADMIN\Documents\Visual Studio 2010\Projects\BBS\BBS\Debug\link.1776.write.1.tlog
C:\Users\ADMIN\Documents\Visual Studio 2010\Projects\BBS\BBS\Debug\link.1776-cvtres.read.1.tlog
C:\Users\ADMIN\Documents\Visual Studio 2010\Projects\BBS\BBS\Debug\link.1776-cvtres.write.1.tlog
C:\Users\ADMIN\Documents\Visual Studio 2010\Projects\BBS\BBS\Debug\link.3336.read.1.tlog
C:\Users\ADMIN\Documents\Visual Studio 2010\Projects\BBS\BBS\Debug\link.3336.write.1.tlog
C:\Users\ADMIN\Documents\Visual Studio 2010\Projects\BBS\BBS\Debug\link.3336-cvtres.read.1.tlog
C:\Users\ADMIN\Documents\Visual Studio 2010\Projects\BBS\BBS\Debug\link.3336-cvtres.write.1.tlog
C:\Users\ADMIN\Documents\Visual Studio 2010\Projects\BBS\BBS\Debug\link.3948.read.1.tlog
C:\Users\ADMIN\Documents\Visual Studio 2010\Projects\BBS\BBS\Debug\link.3948.write.1.tlog
C:\Users\ADMIN\Documents\Visual Studio 2010\Projects\BBS\BBS\Debug\link.3948-cvtres.read.1.tlog
C:\Users\ADMIN\Documents\Visual Studio 2010\Projects\BBS\BBS\Debug\link.3948-cvtres.write.1.tlog
C:\Users\ADMIN\Documents\Visual Studio 2010\Projects\BBS\BBS\Debug\link.4092.read.1.tlog
C:\Users\ADMIN\Documents\Visual Studio 2010\Projects\BBS\BBS\Debug\link.4092.write.1.tlog
C:\Users\ADMIN\Documents\Visual Studio 2010\Projects\BBS\BBS\Debug\link.4092-cvtres.read.1.tlog
C:\Users\ADMIN\Documents\Visual Studio 2010\Projects\BBS\BBS\Debug\link.4092-cvtres.write.1.tlog
C:\Users\ADMIN\Documents\Visual Studio 2010\Projects\BBS\BBS\Debug\link.4264.read.1.tlog
C:\Users\ADMIN\Documents\Visual Studio 2010\Projects\BBS\BBS\Debug\link.4264.write.1.tlog
C:\Users\ADMIN\Documents\Visual Studio 2010\Projects\BBS\BBS\Debug\link.4264-cvtres.read.1.tlog
C:\Users\ADMIN\Documents\Visual Studio 2010\Projects\BBS\BBS\Debug\link.4264-cvtres.write.1.tlog
C:\Users\ADMIN\Documents\Visual Studio 2010\Projects\BBS\BBS\Debug\link.4560.read.1.tlog
C:\Users\ADMIN\Documents\Visual Studio 2010\Projects\BBS\BBS\Debug\link.4560.write.1.tlog
C:\Users\ADMIN\Documents\Visual Studio 2010\Projects\BBS\BBS\Debug\link.4560-cvtres.read.1.tlog
C:\Users\ADMIN\Documents\Visual Studio 2010\Projects\BBS\BBS\Debug\link.4560-cvtres.write.1.tlog
C:\Users\ADMIN\Documents\Visual Studio 2010\Projects\BBS\BBS\Debug\link.4572.read.1.tlog
C:\Users\ADMIN\Documents\Visual Studio 2010\Projects\BBS\BBS\Debug\link.4572.write.1.tlog
C:\Users\ADMIN\Documents\Visual Studio 2010\Projects\BBS\BBS\Debug\link.4572-cvtres.read.1.tlog
C:\Users\ADMIN\Documents\Visual Studio 2010\Projects\BBS\BBS\Debug\link.4572-cvtres.write.1.tlog
C:\Users\ADMIN\Documents\Visual Studio 2010\Projects\BBS\BBS\Debug\link.4612.read.1.tlog
C:\Users\ADMIN\Documents\Visual Studio 2010\Projects\BBS\BBS\Debug\link.4612.write.1.tlog
C:\Users\ADMIN\Documents\Visual Studio 2010\Projects\BBS\BBS\Debug\link.4612-cvtres.read.1.tlog
C:\Users\ADMIN\Documents\Visual Studio 2010\Projects\BBS\BBS\Debug\link.4612-cvtres.write.1.tlog
C:\Users\ADMIN\Documents\Visual Studio 2010\Projects\BBS\BBS\Debug\link.4808.read.1.tlog
C:\Users\ADMIN\Documents\Visual Studio 2010\Projects\BBS\BBS\Debug\link.4808.write.1.tlog
C:\Users\ADMIN\Documents\Visual Studio 2010\Projects\BBS\BBS\Debug\link.4808-cvtres.read.1.tlog
C:\Users\ADMIN\Documents\Visual Studio 2010\Projects\BBS\BBS\Debug\link.4808-cvtres.write.1.tlog
C:\Users\ADMIN\Documents\Visual Studio 2010\Projects\BBS\BBS\Debug\link.5068.read.1.tlog
C:\Users\ADMIN\Documents\Visual Studio 2010\Projects\BBS\BBS\Debug\link.5068.write.1.tlog
C:\Users\ADMIN\Documents\Visual Studio 2010\Projects\BBS\BBS\Debug\link.5068-cvtres.read.1.tlog
C:\Users\ADMIN\Documents\Visual Studio 2010\Projects\BBS\BBS\Debug\link.5068-cvtres.write.1.tlog
C:\Users\ADMIN\Documents\Visual Studio 2010\Projects\BBS\BBS\Debug\link.5208.read.1.tlog
C:\Users\ADMIN\Documents\Visual Studio 2010\Projects\BBS\BBS\Debug\link.5208.write.1.tlog
C:\Users\ADMIN\Documents\Visual Studio 2010\Projects\BBS\BBS\Debug\link.5208-cvtres.read.1.tlog
C:\Users\ADMIN\Documents\Visual Studio 2010\Projects\BBS\BBS\Debug\link.5208-cvtres.write.1.tlog
C:\Users\ADMIN\Documents\Visual Studio 2010\Projects\BBS\BBS\Debug\link.5336.read.1.tlog
C:\Users\ADMIN\Documents\Visual Studio 2010\Projects\BBS\BBS\Debug\link.5336.write.1.tlog
C:\Users\ADMIN\Documents\Visual Studio 2010\Projects\BBS\BBS\Debug\link.5336-cvtres.read.1.tlog
C:\Users\ADMIN\Documents\Visual Studio 2010\Projects\BBS\BBS\Debug\link.5336-cvtres.write.1.tlog
C:\Users\ADMIN\Documents\Visual Studio 2010\Projects\BBS\BBS\Debug\link.5596.read.1.tlog
C:\Users\ADMIN\Documents\Visual Studio 2010\Projects\BBS\BBS\Debug\link.5596.write.1.tlog
C:\Users\ADMIN\Documents\Visual Studio 2010\Projects\BBS\BBS\Debug\link.5596-cvtres.read.1.tlog
C:\Users\ADMIN\Documents\Visual Studio 2010\Projects\BBS\BBS\Debug\link.5596-cvtres.write.1.tlog
C:\Users\ADMIN\Documents\Visual Studio 2010\Projects\BBS\BBS\Debug\link.5732.read.1.tlog
C:\Users\ADMIN\Documents\Visual Studio 2010\Projects\BBS\BBS\Debug\link.5732.write.1.tlog
C:\Users\ADMIN\Documents\Visual Studio 2010\Projects\BBS\BBS\Debug\link.5732-cvtres.read.1.tlog
C:\Users\ADMIN\Documents\Visual Studio 2010\Projects\BBS\BBS\Debug\link.5732-cvtres.write.1.tlog
C:\Users\ADMIN\Documents\Visual Studio 2010\Projects\BBS\BBS\Debug\link.5872.read.1.tlog
C:\Users\ADMIN\Documents\Visual Studio 2010\Projects\BBS\BBS\Debug\link.5872.write.1.tlog
C:\Users\ADMIN\Documents\Visual Studio 2010\Projects\BBS\BBS\Debug\link.5872-cvtres.read.1.tlog
C:\Users\ADMIN\Documents\Visual Studio 2010\Projects\BBS\BBS\Debug\link.5872-cvtres.write.1.tlog
C:\Users\ADMIN\Documents\Visual Studio 2010\Projects\BBS\BBS\Debug\link.664.read.1.tlog
C:\Users\ADMIN\Documents\Visual Studio 2010\Projects\BBS\BBS\Debug\link.664.write.1.tlog
C:\Users\ADMIN\Documents\Visual Studio 2010\Projects\BBS\BBS\Debug\link.664-cvtres.read.1.tlog
C:\Users\ADMIN\Documents\Visual Studio 2010\Projects\BBS\BBS\Debug\link.664-cvtres.write.1.tlog
C:\Users\ADMIN\Documents\Visual Studio 2010\Projects\BBS\BBS\Debug\link.command.1.tlog
C:\Users\ADMIN\Documents\Visual Studio 2010\Projects\BBS\BBS\Debug\link.read.1.tlog
C:\Users\ADMIN\Documents\Visual Studio 2010\Projects\BBS\BBS\Debug\link.write.1.tlog
C:\Users\ADMIN\Documents\Visual Studio 2010\Projects\BBS\BBS\Debug\link-cvtres.read.1.tlog
C:\Users\ADMIN\Documents\Visual Studio 2010\Projects\BBS\BBS\Debug\link-cvtres.write.1.tlog
C:\Users\ADMIN\Documents\Visual Studio 2010\Projects\BBS\BBS\Debug\mt.command.1.tlog
C:\Users\ADMIN\Documents\Visual Studio 2010\Projects\BBS\BBS\Debug\mt.read.1.tlog
C:\Users\ADMIN\Documents\Visual Studio 2010\Projects\BBS\BBS\Debug\mt.write.1.tlog
C:\Users\ADMIN\Documents\Visual Studio 2010\Projects\BBS\BBS\Debug\rc.command.1.tlog
C:\Users\ADMIN\Documents\Visual Studio 2010\Projects\BBS\BBS\Debug\rc.read.1.tlog
C:\Users\ADMIN\Documents\Visual Studio 2010\Projects\BBS\BBS\Debug\rc.write.1.tlog
C:\Users\ADMIN\Documents\Visual Studio 2010\Projects\BBS\BBS\Debug\vc100.idb
C:\USERS\ADMIN\DOCUMENTS\VISUAL STUDIO 2010\PROJECTS\BBS\BBS\DEBUG\VC100.PDB
C:\USERS\ADMIN\DOCUMENTS\VISUAL STUDIO 2010\PROJECTS\BBS\DEBUG\BBS.EXE
C:\USERS\ADMIN\DOCUMENTS\VISUAL STUDIO 2010\PROJECTS\BBS\DEBUG\BBS.ILK
C:\USERS\ADMIN\DOCUMENTS\VISUAL STUDIO 2010\PROJECTS\BBS\DEBUG\BBS.PDB
